********************************************************************************
PACKAGE-LOG: 2015-01-02 05:41:10
NOTICE: Do NOT post to public sites or forums 
********************************************************************************
VERSION:	0.5.10
WORDPRESS:	4.0.1
PHP INFO:	5.4.17 | SAPI: apache2handler
SERVER:		Apache 
PHP TIME LIMIT: (0) no time limit imposed 
PHP MAX MEMORY: 5000M (128M default) 

********************************************************************************
DATABASE:
********************************************************************************
BUILD MODE:   PHP
MYSQLDUMP:    Not Supported
MYSQLTIMEOUT: 5000 
TABLES: total:24 | filtered:0 | create:24 
FILTERED: [] 
wp_amr_reportcache (3) 
wp_amr_reportcachelogging (3) 
wp_commentmeta (3) 
wp_comments (13) 
wp_dokan_orders (1) 
wp_dokan_withdraw (0) 
wp_duplicator_packages (1) 
wp_links (0) 
wp_options (490) 
wp_postmeta (1967) 
wp_posts (143) 
wp_restaurant_locations (3) 
wp_term_relationships (126) 
wp_term_taxonomy (83) 
wp_terms (83) 
wp_usermeta (107) 
wp_users (4) 
wp_woocommerce_attribute_taxonomies (3) 
wp_woocommerce_downloadable_product_permissions (0) 
wp_woocommerce_order_itemmeta (18) 
wp_woocommerce_order_items (3) 
wp_woocommerce_tax_rate_locations (0) 
wp_woocommerce_tax_rates (0) 
wp_woocommerce_termmeta (24) 
SQL CREATED: 20150102_odineyin_54a62ef6b4c0e7833150102053902_database.sql 
SQL FILE SIZE: 1.05MB 
SQL RUNTIME: 0.46 sec. 

******************************************************************************** 
ARCHIVE (ZIP): 
******************************************************************************** 
ARCHIVE DIR:  C:/BitNami/wampstack-5.4.17-0/apache2/htdocs/odiney 
ARCHIVE FILE: 20150102_odineyin_54a62ef6b4c0e7833150102053902_archive.zip 
FILTERS: *OFF* 
DIRS:  not set 
EXTS:  not set 
---------------------------------------- 
COMPRESSING 
SIZE:	108.12MB 
STATS:	Dirs 713 | Files 5,604 | Links 0 
SQL ADDED: 20150102_odineyin_54a62ef6b4c0e7833150102053902_database.sql 
ZipArchive Object
(
    [status] => 0
    [statusSys] => 0
    [numFiles] => 6317
    [filename] => C:\BitNami\wampstack-5.4.17-0\apache2\htdocs\odiney\wp-snapshots\tmp\20150102_odineyin_54a62ef6b4c0e7833150102053902_archive.zip
    [comment] => 
)
 
COMPRESSION RESULT: '1' 
COMPRESSED SIZE: 45.43MB 
ARCHIVE RUNTIME: 92.86 sec. 

******************************************************************************** 
MAKE INSTALLER: 
******************************************************************************** 
Build Start 
Build Finished 
Preping for use 
Template parsed with new data 
Complete [C:/BitNami/wampstack-5.4.17-0/apache2/htdocs/odiney/wp-snapshots/tmp/20150102_odineyin_54a62ef6b4c0e7833150102053902_installer.php] 
Added to archive 

******************************************************************************** 
INTEGRITY CHECKS: 
******************************************************************************** 
SQL File: 1.05MB 
Installer File: 316.92KB 
Archive File: 45.43MB  

********************************************************************************
RECORD ID:[1]
TOTAL PROCESS RUNTIME: 95.39 sec.
DONE PROCESSING => 20150102_odineyin 2015-01-02 05:42:46
 
